#
# There is insufficient memory for the Java Runtime Environment to continue.
# Native memory allocation (mmap) failed to map 268435456 bytes for Failed to commit area from 0x0000000700000000 to 0x0000000710000000 of length 268435456.
# Possible reasons:
#   The system is out of physical RAM or swap space
#   The process is running with CompressedOops enabled, and the Java Heap may be blocking the growth of the native heap
# Possible solutions:
#   Reduce memory load on the system
#   Increase physical memory or swap space
#   Check if swap backing store is full
#   Decrease Java heap size (-Xmx/-Xms)
#   Decrease number of Java threads
#   Decrease Java thread stack sizes (-Xss)
#   Set larger code cache with -XX:ReservedCodeCacheSize=
# This output file may be truncated or incomplete.
#
#  Out of Memory Error (./open/src/hotspot/os/windows/os_windows.cpp:3287), pid=1472, tid=3740
#
# JRE version:  (11.0.16+11) (build )
# Java VM: Java HotSpot(TM) 64-Bit Server VM (11.0.16+11-LTS-199, mixed mode, sharing, tiered, compressed oops, g1 gc, windows-amd64)
# No core dump will be written. Minidumps are not enabled by default on client versions of Windows
#

---------------  S U M M A R Y ------------

Command Line: -Xverify:none -XX:TieredStopAtLevel=1 com.abhay.app.PatientAppApplication

Host: Intel(R) Xeon(R) Platinum 8272CL CPU @ 2.60GHz, 4 cores, 15G,  Windows 10 , 64 bit Build 19041 (10.0.19041.2364)
Time: Wed Feb  1 07:53:12 2023 Coordinated Universal Time elapsed time: 0.018328 seconds (0d 0h 0m 0s)

---------------  T H R E A D  ---------------

Current thread (0x0000024cc870d000):  JavaThread "Unknown thread" [_thread_in_vm, id=3740, stack(0x000000eb48600000,0x000000eb48700000)]

Stack: [0x000000eb48600000,0x000000eb48700000]
Native frames: (J=compiled Java code, j=interpreted, Vv=VM code, C=native code)
V  [jvm.dll+0x62a3ea]
V  [jvm.dll+0x76418f]
V  [jvm.dll+0x765839]
V  [jvm.dll+0x765ec3]
V  [jvm.dll+0x23da98]
V  [jvm.dll+0x62770a]
V  [jvm.dll+0x61c475]
V  [jvm.dll+0x2f2aac]
V  [jvm.dll+0x2f2932]
V  [jvm.dll+0x2f7656]
V  [jvm.dll+0x33a1cf]
V  [jvm.dll+0x339c00]
V  [jvm.dll+0x2d00c8]
V  [jvm.dll+0x2d1236]
V  [jvm.dll+0x73e757]
V  [jvm.dll+0x73ffef]
V  [jvm.dll+0x346ef9]
V  [jvm.dll+0x723f90]
V  [jvm.dll+0x3b5adf]
V  [jvm.dll+0x3b7bf1]
C  [jli.dll+0x5207]
C  [ucrtbase.dll+0x21bb2]
C  [KERNEL32.DLL+0x17614]
C  [ntdll.dll+0x526a1]


---------------  P R O C E S S  ---------------

Threads class SMR info:
_java_thread_list=0x0000024cc6546200, length=0, elements={
}

Java Threads: ( => current thread )

Other Threads:
  0x0000024cc8722000 GCTaskThread "GC Thread#0" [stack: 0x000000eb48700000,0x000000eb48800000] [id=8908]
  0x0000024cc877f000 ConcurrentGCThread "G1 Main Marker" [stack: 0x000000eb48800000,0x000000eb48900000] [id=11252]
  0x0000024cc8780000 ConcurrentGCThread "G1 Conc#0" [stack: 0x000000eb48900000,0x000000eb48a00000] [id=13988]

[error occurred during error reporting (printing all threads), id 0xc0000005, EXCEPTION_ACCESS_VIOLATION (0xc0000005) at pc=0x00007ffc6c38f357]

VM state:not at safepoint (not fully initialized)

VM Mutex/Monitor currently owned by a thread:  ([mutex/lock_event])
[0x0000024cc87071b0] Heap_lock - owner thread: 0x0000024cc870d000

Heap address: 0x0000000700000000, size: 4096 MB, Compressed Oops mode: Non-zero based: 0x0000000700000000
Narrow klass base: 0x0000000000000000, Narrow klass shift: 0

GC Heap History (0 events):
No events

Deoptimization events (0 events):
No events

Classes redefined (0 events):
No events

Internal exceptions (0 events):
No events

Events (0 events):
No events


Dynamic libraries:
0x00007ff649e10000 - 0x00007ff649e1f000 	C:\Program Files\Java\jdk-11.0.16\bin\java.exe
0x00007ffccd110000 - 0x00007ffccd308000 	C:\Windows\SYSTEM32\ntdll.dll
0x00007ffccb7f0000 - 0x00007ffccb8af000 	C:\Windows\System32\KERNEL32.DLL
0x00007ffcca920000 - 0x00007ffccabf2000 	C:\Windows\System32\KERNELBASE.dll
0x00007ffccaea0000 - 0x00007ffccafa0000 	C:\Windows\System32\ucrtbase.dll
0x00007ffca7ff0000 - 0x00007ffca8008000 	C:\Program Files\Java\jdk-11.0.16\bin\jli.dll
0x00007ffccb360000 - 0x00007ffccb40e000 	C:\Windows\System32\ADVAPI32.dll
0x00007ffcccd70000 - 0x00007ffccce0e000 	C:\Windows\System32\msvcrt.dll
0x00007ffccceb0000 - 0x00007ffcccf4c000 	C:\Windows\System32\sechost.dll
0x00007ffccb150000 - 0x00007ffccb275000 	C:\Windows\System32\RPCRT4.dll
0x00007ffccc920000 - 0x00007ffcccac1000 	C:\Windows\System32\USER32.dll
0x00007ffcca800000 - 0x00007ffcca822000 	C:\Windows\System32\win32u.dll
0x00007ffccce10000 - 0x00007ffccce3b000 	C:\Windows\System32\GDI32.dll
0x00007ffccb040000 - 0x00007ffccb14f000 	C:\Windows\System32\gdi32full.dll
0x00007ffccafa0000 - 0x00007ffccb03d000 	C:\Windows\System32\msvcp_win.dll
0x00007ffca9450000 - 0x00007ffca9465000 	C:\Program Files\Java\jdk-11.0.16\bin\VCRUNTIME140.dll
0x00007ffcaa090000 - 0x00007ffcaa32a000 	C:\Windows\WinSxS\amd64_microsoft.windows.common-controls_6595b64144ccf1df_6.0.19041.1110_none_60b5254171f9507e\COMCTL32.dll
0x00007ffcc2c40000 - 0x00007ffcc2c4a000 	C:\Windows\SYSTEM32\VERSION.dll
0x00007ffcccf50000 - 0x00007ffcccf82000 	C:\Windows\System32\IMM32.DLL
0x00007ffc9cb30000 - 0x00007ffc9cbcb000 	C:\Program Files\Java\jdk-11.0.16\bin\msvcp140.dll
0x00007ffc6c0b0000 - 0x00007ffc6cbc8000 	C:\Program Files\Java\jdk-11.0.16\bin\server\jvm.dll
0x00007ffcccd60000 - 0x00007ffcccd68000 	C:\Windows\System32\PSAPI.DLL
0x00007ffcc4e50000 - 0x00007ffcc4e59000 	C:\Windows\SYSTEM32\WSOCK32.dll
0x00007ffccc8b0000 - 0x00007ffccc91b000 	C:\Windows\System32\WS2_32.dll
0x00007ffcad410000 - 0x00007ffcad437000 	C:\Windows\SYSTEM32\WINMM.dll
0x00007ffcc86a0000 - 0x00007ffcc86b2000 	C:\Windows\SYSTEM32\kernel.appcore.dll
0x00007ffcc40d0000 - 0x00007ffcc40e0000 	C:\Program Files\Java\jdk-11.0.16\bin\verify.dll
0x00007ffcc4ab0000 - 0x00007ffcc4c94000 	C:\Windows\SYSTEM32\DBGHELP.DLL
0x00007ffcc5370000 - 0x00007ffcc53a5000 	C:\Windows\SYSTEM32\dbgcore.DLL
0x00007ffccad60000 - 0x00007ffccade2000 	C:\Windows\System32\bcryptPrimitives.dll
0x00007ffca7fc0000 - 0x00007ffca7fe8000 	C:\Program Files\Java\jdk-11.0.16\bin\java.dll
0x00007ffcafdf0000 - 0x00007ffcafdfa000 	C:\Program Files\Java\jdk-11.0.16\bin\jimage.dll
0x00007ffca7fa0000 - 0x00007ffca7fb6000 	C:\Program Files\Java\jdk-11.0.16\bin\zip.dll

dbghelp: loaded successfully - version: 4.0.5 - missing functions: none
symbol engine: initialized successfully - sym options: 0x614 - pdb path: .;C:\Program Files\Java\jdk-11.0.16\bin;C:\Windows\SYSTEM32;C:\Windows\WinSxS\amd64_microsoft.windows.common-controls_6595b64144ccf1df_6.0.19041.1110_none_60b5254171f9507e;C:\Program Files\Java\jdk-11.0.16\bin\server

VM Arguments:
jvm_args: -Xverify:none -XX:TieredStopAtLevel=1 
java_command: com.abhay.app.PatientAppApplication
java_class_path (initial): C:\cygwin64\home\sfjbs\training\abhay\Day07\patient-app\target\classes;C:\Users\sfjbs\.m2\repository\org\springframework\boot\spring-boot\2.7.8\spring-boot-2.7.8.jar;C:\Users\sfjbs\.m2\repository\org\springframework\boot\spring-boot-autoconfigure\2.7.8\spring-boot-autoconfigure-2.7.8.jar;C:\Users\sfjbs\.m2\repository\ch\qos\logback\logback-classic\1.2.11\logback-classic-1.2.11.jar;C:\Users\sfjbs\.m2\repository\ch\qos\logback\logback-core\1.2.11\logback-core-1.2.11.jar;C:\Users\sfjbs\.m2\repository\org\apache\logging\log4j\log4j-to-slf4j\2.17.2\log4j-to-slf4j-2.17.2.jar;C:\Users\sfjbs\.m2\repository\org\apache\logging\log4j\log4j-api\2.17.2\log4j-api-2.17.2.jar;C:\Users\sfjbs\.m2\repository\org\slf4j\jul-to-slf4j\1.7.36\jul-to-slf4j-1.7.36.jar;C:\Users\sfjbs\.m2\repository\jakarta\annotation\jakarta.annotation-api\1.3.5\jakarta.annotation-api-1.3.5.jar;C:\Users\sfjbs\.m2\repository\org\yaml\snakeyaml\1.30\snakeyaml-1.30.jar;C:\Users\sfjbs\.m2\repository\com\fasterxml\jackson\core\jackson-databind\2.13.4.2\jackson-databind-2.13.4.2.jar;C:\Users\sfjbs\.m2\repository\com\fasterxml\jackson\core\jackson-annotations\2.13.4\jackson-annotations-2.13.4.jar;C:\Users\sfjbs\.m2\repository\com\fasterxml\jackson\core\jackson-core\2.13.4\jackson-core-2.13.4.jar;C:\Users\sfjbs\.m2\repository\com\fasterxml\jackson\datatype\jackson-datatype-jdk8\2.13.4\jackson-datatype-jdk8-2.13.4.jar;C:\Users\sfjbs\.m2\repository\com\fasterxml\jackson\datatype\jackson-datatype-jsr310\2.13.4\jackson-datatype-jsr310-2.13.4.jar;C:\Users\sfjbs\.m2\repository\com\fasterxml\jackson\module\jackson-module-parameter-names\2.13.4\jackson-module-parameter-names-2.13.4.jar;C:\Users\sfjbs\.m2\repository\org\apache\tomcat\embed\tomcat-embed-core\9.0.71\tomcat-embed-core-9.0.71.jar;C:\Users\sfjbs\.m2\repository\org\apache\tomcat\embed\tomcat-embed-el\9.0.71\tomcat-embed-el-9.0.71.jar;C:\Users\sfjbs\.m2\repository\org\apache\tomcat\embed\tomcat-embed-websocket\9.0.71\tomcat-embed-websock
Launcher Type: SUN_STANDARD

[Global flags]
     bool BytecodeVerificationLocal                = false                                     {product} {command line}
     bool BytecodeVerificationRemote               = false                                     {product} {command line}
     intx CICompilerCount                          = 3                                         {product} {ergonomic}
     uint ConcGCThreads                            = 1                                         {product} {ergonomic}
     uint G1ConcRefinementThreads                  = 4                                         {product} {ergonomic}
   size_t G1HeapRegionSize                         = 1048576                                   {product} {ergonomic}
    uintx GCDrainStackTargetSize                   = 64                                        {product} {ergonomic}
   size_t InitialHeapSize                          = 268435456                                 {product} {ergonomic}
   size_t MarkStackSize                            = 4194304                                   {product} {ergonomic}
   size_t MaxHeapSize                              = 4294967296                                {product} {ergonomic}
   size_t MinHeapDeltaBytes                        = 1048576                                   {product} {ergonomic}
    uintx NonNMethodCodeHeapSize                   = 6973028                                {pd product} {ergonomic}
    uintx NonProfiledCodeHeapSize                  = 244685212                              {pd product} {ergonomic}
    uintx ProfiledCodeHeapSize                     = 0                                      {pd product} {ergonomic}
    uintx ReservedCodeCacheSize                    = 251658240                              {pd product} {ergonomic}
     bool SegmentedCodeCache                       = true                                      {product} {ergonomic}
     intx TieredStopAtLevel                        = 1                                         {product} {command line}
     bool UseCompressedClassPointers               = true                                 {lp64_product} {ergonomic}
     bool UseCompressedOops                        = true                                 {lp64_product} {ergonomic}
     bool UseG1GC                                  = true                                      {product} {ergonomic}
     bool UseLargePagesIndividualAllocation        = false                                  {pd product} {ergonomic}

Logging:
Log output configuration:
 #0: stdout all=warning uptime,level,tags
 #1: stderr all=off uptime,level,tags

Environment Variables:
PATH=C:\Program Files\Common Files\Oracle\Java\javapath;C:\Windows\system32;C:\Windows;C:\Windows\System32\Wbem;C:\Windows\System32\WindowsPowerShell\v1.0\;C:\Windows\System32\OpenSSH\;C:\Users\sfjbs\Downloads\apache-maven-3.8.5-bin\apache-maven-3.8.5\bin;C:\Users\sfjbs\Downloads\apache-maven-3.8.5-bin\apache-maven-3.8.5\lib;C:\Program Files\Git\cmd;C:\Program Files\Docker\Docker\resources\bin;C:\Program Files\MySQL\MySQL Shell 8.0\bin\;C:\Users\sfjbs\AppData\Local\Microsoft\WindowsApps;C:\Users\sfjbs\AppData\Local\Programs\Microsoft VS Code\bin;C:\Users\sfjbs\Downloads\apache-maven-3.8.5-bin\apache-maven-3.8.5\bin;C:\Users\sfjbs\Downloads\apache-maven-3.8.5-bin\apache-maven-3.8.5\lib;
USERNAME=sfjbs
OS=Windows_NT
PROCESSOR_IDENTIFIER=Intel64 Family 6 Model 85 Stepping 7, GenuineIntel



---------------  S Y S T E M  ---------------

OS: Windows 10 , 64 bit Build 19041 (10.0.19041.2364)
Hyper-V role detected

CPU:total 4 (initial active 4) (2 cores per cpu, 2 threads per core) family 6 model 85 stepping 7 microcode 0xffffffff, cmov, cx8, fxsr, mmx, sse, sse2, sse3, ssse3, sse4.1, sse4.2, popcnt, avx, avx2, aes, clmul, erms, rtm, 3dnowpref, lzcnt, ht, tsc, bmi1, bmi2, adx, evex, fma

Memory: 4k page, system-wide physical 16382M (4162M free)
TotalPageFile size 20478M (AvailPageFile size 248M)
current process WorkingSet (physical memory assigned to process): 9M, peak: 10M
current process commit charge ("private bytes"): 49M, peak: 305M

vm_info: Java HotSpot(TM) 64-Bit Server VM (11.0.16+11-LTS-199) for windows-amd64 JRE (11.0.16+11-LTS-199), built on Jun 28 2022 08:23:17 by "mach5one" with MS VC++ 15.9 (VS2017)

END.
