#
# There is insufficient memory for the Java Runtime Environment to continue.
# Native memory allocation (mmap) failed to map 54525952 bytes for Failed to commit area from 0x00000004e5400000 to 0x00000004e8800000 of length 54525952.
# Possible reasons:
#   The system is out of physical RAM or swap space
#   The process is running with CompressedOops enabled, and the Java Heap may be blocking the growth of the native heap
# Possible solutions:
#   Reduce memory load on the system
#   Increase physical memory or swap space
#   Check if swap backing store is full
#   Decrease Java heap size (-Xmx/-Xms)
#   Decrease number of Java threads
#   Decrease Java thread stack sizes (-Xss)
#   Set larger code cache with -XX:ReservedCodeCacheSize=
#   JVM is running with Zero Based Compressed Oops mode in which the Java heap is
#     placed in the first 32GB address space. The Java Heap base address is the
#     maximum limit for the native heap growth. Please use -XX:HeapBaseMinAddress
#     to set the Java Heap base and to place the Java Heap above 32GB virtual address.
# This output file may be truncated or incomplete.
#
#  Out of Memory Error (./open/src/hotspot/os/windows/os_windows.cpp:3287), pid=11440, tid=12756
#
# JRE version: Java(TM) SE Runtime Environment 18.9 (11.0.16+11) (build 11.0.16+11-LTS-199)
# Java VM: Java HotSpot(TM) 64-Bit Server VM 18.9 (11.0.16+11-LTS-199, mixed mode, tiered, compressed oops, g1 gc, windows-amd64)
# No core dump will be written. Minidumps are not enabled by default on client versions of Windows
#

---------------  S U M M A R Y ------------

Command Line: C:\Users\sfjbs\AppData\Local\Temp\surefire11596751716539590366\surefirebooter9521187968658545937.jar C:\Users\sfjbs\AppData\Local\Temp\surefire11596751716539590366 2023-01-26T19-01-45_134-jvmRun1 surefire1770500692700308122tmp surefire_014802097536279621109tmp

Host: Intel(R) Xeon(R) Platinum 8272CL CPU @ 2.60GHz, 4 cores, 15G,  Windows 10 , 64 bit Build 19041 (10.0.19041.2364)
Time: Thu Jan 26 19:01:50 2023 Coordinated Universal Time elapsed time: 4.814810 seconds (0d 0h 0m 4s)

---------------  T H R E A D  ---------------

Current thread (0x000001b9a9204800):  VMThread "VM Thread" [stack: 0x000000072dd00000,0x000000072de00000] [id=12756]

Stack: [0x000000072dd00000,0x000000072de00000]
[error occurred during error reporting (printing stack bounds), id 0xc0000005, EXCEPTION_ACCESS_VIOLATION (0xc0000005) at pc=0x000001b98dca10e7]

Native frames: (J=compiled Java code, j=interpreted, Vv=VM code, C=native code)
V  [jvm.dll+0x62a3ea]
V  [jvm.dll+0x76418f]
V  [jvm.dll+0x765839]
V  [jvm.dll+0x765e25]
V  [jvm.dll+0x765ddb]
V  [jvm.dll+0x6298d3]
V  [jvm.dll+0x629fe8]
C  [ntdll.dll+0xa241f]
C  [ntdll.dll+0x514a4]
C  [ntdll.dll+0xa0f4e]
C  0x000001b98dca10e7

VM_Operation (0x000000072d7f9380): CollectForMetadataAllocation, mode: safepoint, requested by thread 0x000001b9865e8800


---------------  P R O C E S S  ---------------

Threads class SMR info:
_java_thread_list=0x000001b9ac3b96d0, length=13, elements={
0x000001b9865e8800, 0x000001b9a9227800, 0x000001b9a9230800, 0x000001b9a92a4800,
0x000001b9a9250000, 0x000001b9a9251000, 0x000001b9a92a8800, 0x000001b9a92aa800,
0x000001b9a92ab800, 0x000001b9a9428800, 0x000001b9a9546000, 0x000001b9a97b6800,
0x000001b9aa33a000
}

Java Threads: ( => current thread )
  0x000001b9865e8800 JavaThread "main" [_thread_blocked, id=14828, stack(0x000000072d700000,0x000000072d800000)]
  0x000001b9a9227800 JavaThread "Reference Handler" daemon [_thread_blocked, id=14788, stack(0x000000072de00000,0x000000072df00000)]
  0x000001b9a9230800 JavaThread "Finalizer" daemon [_thread_blocked, id=4820, stack(0x000000072df00000,0x000000072e000000)]
  0x000001b9a92a4800 JavaThread "Signal Dispatcher" daemon [_thread_blocked, id=7208, stack(0x000000072e000000,0x000000072e100000)]
  0x000001b9a9250000 JavaThread "Attach Listener" daemon [_thread_blocked, id=6940, stack(0x000000072e100000,0x000000072e200000)]
  0x000001b9a9251000 JavaThread "Service Thread" daemon [_thread_blocked, id=15412, stack(0x000000072e200000,0x000000072e300000)]
  0x000001b9a92a8800 JavaThread "C2 CompilerThread0" daemon [_thread_blocked, id=13868, stack(0x000000072e300000,0x000000072e400000)]
  0x000001b9a92aa800 JavaThread "C1 CompilerThread0" daemon [_thread_blocked, id=8372, stack(0x000000072e400000,0x000000072e500000)]
  0x000001b9a92ab800 JavaThread "Sweeper thread" daemon [_thread_blocked, id=5452, stack(0x000000072e500000,0x000000072e600000)]
  0x000001b9a9428800 JavaThread "Common-Cleaner" daemon [_thread_blocked, id=11480, stack(0x000000072e700000,0x000000072e800000)]
  0x000001b9a9546000 JavaThread "surefire-forkedjvm-command-thread" daemon [_thread_in_native, id=2544, stack(0x000000072e800000,0x000000072e900000)]
  0x000001b9a97b6800 JavaThread "surefire-forkedjvm-ping-30s" daemon [_thread_in_native, id=6552, stack(0x000000072e900000,0x000000072ea00000)]
  0x000001b9aa33a000 JavaThread "C2 CompilerThread1" daemon [_thread_blocked, id=7284, stack(0x000000072ed00000,0x000000072ee00000)]

Other Threads:
=>0x000001b9a9204800 VMThread "VM Thread" [stack: 0x000000072dd00000,0x000000072de00000] [id=12756]
  0x000001b9a9427800 WatcherThread [stack: 0x000000072e600000,0x000000072e700000] [id=9732]
  0x000001b9865fd800 GCTaskThread "GC Thread#0" [stack: 0x000000072d800000,0x000000072d900000] [id=15476]
  0x000001b9a9ec7000 GCTaskThread "GC Thread#1" [stack: 0x000000072ea00000,0x000000072eb00000] [id=13688]
  0x000001b9aa21e000 GCTaskThread "GC Thread#2" [stack: 0x000000072eb00000,0x000000072ec00000] [id=7828]
  0x000001b9aa21f000 GCTaskThread "GC Thread#3" [stack: 0x000000072ec00000,0x000000072ed00000] [id=11228]
  0x000001b986659800 ConcurrentGCThread "G1 Main Marker" [stack: 0x000000072d900000,0x000000072da00000] [id=7296]
  0x000001b98665b000 ConcurrentGCThread "G1 Conc#0" [stack: 0x000000072da00000,0x000000072db00000] [id=15380]
  0x000001b9866ce800 ConcurrentGCThread "G1 Refine#0" [stack: 0x000000072db00000,0x000000072dc00000] [id=11856]
  0x000001b9a886c000 ConcurrentGCThread "G1 Young RemSet Sampling" [stack: 0x000000072dc00000,0x000000072dd00000] [id=3688]

Threads with active compile tasks:
C2 CompilerThread0     4825 3466       4       org.springframework.core.annotation.TypeMappedAnnotations::get (8 bytes)
C2 CompilerThread1     4825 3472       4       java.lang.String::concat (115 bytes)

VM state:at safepoint (normal execution)

VM Mutex/Monitor currently owned by a thread:  ([mutex/lock_event])
[0x000001b9865e3e10] Threads_lock - owner thread: 0x000001b9a9204800
[0x000001b9865e4b90] Heap_lock - owner thread: 0x000001b9865e8800

Heap address: 0x00000004d5400000, size: 4096 MB, Compressed Oops mode: Zero based, Oop shift amount: 3
Narrow klass base: 0x0000000000000000, Narrow klass shift: 3
Compressed class space size: 1073741824 Address: 0x00000005d5400000

Heap:
 garbage-first heap   total 315392K, used 15086K [0x00000004d5400000, 0x00000005d5400000)
  region size 1024K, 10 young (10240K), 10 survivors (10240K)
 Metaspace       used 34533K, capacity 35724K, committed 35888K, reserved 1081344K
  class space    used 4119K, capacity 4630K, committed 4736K, reserved 1048576K
Heap Regions: E=young(eden), S=young(survivor), O=old, HS=humongous(starts), HC=humongous(continues), CS=collection set, F=free, A=archive, TAMS=top-at-mark-start (previous, next)
|   0|0x00000004d5400000, 0x00000004d5500000, 0x00000004d5500000|100%| O|  |TAMS 0x00000004d5500000, 0x00000004d5500000| Untracked 
|   1|0x00000004d5500000, 0x00000004d5600000, 0x00000004d5600000|100%| O|  |TAMS 0x00000004d5600000, 0x00000004d5600000| Untracked 
|   2|0x00000004d5600000, 0x00000004d5700000, 0x00000004d5700000|100%| O|  |TAMS 0x00000004d5700000, 0x00000004d5700000| Untracked 
|   3|0x00000004d5700000, 0x00000004d5800000, 0x00000004d5800000|100%| O|  |TAMS 0x00000004d5800000, 0x00000004d5800000| Untracked 
|   4|0x00000004d5800000, 0x00000004d5900000, 0x00000004d5900000|100%| O|  |TAMS 0x00000004d5900000, 0x00000004d5900000| Untracked 
|   5|0x00000004d5900000, 0x00000004d591f400, 0x00000004d5a00000| 12%| O|  |TAMS 0x00000004d591f400, 0x00000004d591f400| Untracked 
|   6|0x00000004d5a00000, 0x00000004d5a00000, 0x00000004d5b00000|  0%| F|  |TAMS 0x00000004d5a00000, 0x00000004d5a00000| Untracked 
|   7|0x00000004d5b00000, 0x00000004d5b00000, 0x00000004d5c00000|  0%| F|  |TAMS 0x00000004d5b00000, 0x00000004d5b00000| Untracked 
|   8|0x00000004d5c00000, 0x00000004d5c00000, 0x00000004d5d00000|  0%| F|  |TAMS 0x00000004d5c00000, 0x00000004d5c00000| Untracked 
|   9|0x00000004d5d00000, 0x00000004d5d00000, 0x00000004d5e00000|  0%| F|  |TAMS 0x00000004d5d00000, 0x00000004d5d00000| Untracked 
|  10|0x00000004d5e00000, 0x00000004d5e00000, 0x00000004d5f00000|  0%| F|  |TAMS 0x00000004d5e00000, 0x00000004d5e00000| Untracked 
|  11|0x00000004d5f00000, 0x00000004d5f00000, 0x00000004d6000000|  0%| F|  |TAMS 0x00000004d5f00000, 0x00000004d5f00000| Untracked 
|  12|0x00000004d6000000, 0x00000004d6000000, 0x00000004d6100000|  0%| F|  |TAMS 0x00000004d6000000, 0x00000004d6000000| Untracked 
|  13|0x00000004d6100000, 0x00000004d6100000, 0x00000004d6200000|  0%| F|  |TAMS 0x00000004d6100000, 0x00000004d6100000| Untracked 
|  14|0x00000004d6200000, 0x00000004d6200000, 0x00000004d6300000|  0%| F|  |TAMS 0x00000004d6200000, 0x00000004d6200000| Untracked 
|  15|0x00000004d6300000, 0x00000004d6300000, 0x00000004d6400000|  0%| F|  |TAMS 0x00000004d6300000, 0x00000004d6300000| Untracked 
|  16|0x00000004d6400000, 0x00000004d6400000, 0x00000004d6500000|  0%| F|  |TAMS 0x00000004d6400000, 0x00000004d6400000| Untracked 
|  17|0x00000004d6500000, 0x00000004d6500000, 0x00000004d6600000|  0%| F|  |TAMS 0x00000004d6500000, 0x00000004d6500000| Untracked 
|  18|0x00000004d6600000, 0x00000004d6600000, 0x00000004d6700000|  0%| F|  |TAMS 0x00000004d6600000, 0x00000004d6600000| Untracked 
|  19|0x00000004d6700000, 0x00000004d6700000, 0x00000004d6800000|  0%| F|  |TAMS 0x00000004d6700000, 0x00000004d6700000| Untracked 
|  20|0x00000004d6800000, 0x00000004d6800000, 0x00000004d6900000|  0%| F|  |TAMS 0x00000004d6800000, 0x00000004d6800000| Untracked 
|  21|0x00000004d6900000, 0x00000004d6900000, 0x00000004d6a00000|  0%| F|  |TAMS 0x00000004d6900000, 0x00000004d6900000| Untracked 
|  22|0x00000004d6a00000, 0x00000004d6a00000, 0x00000004d6b00000|  0%| F|  |TAMS 0x00000004d6a00000, 0x00000004d6a00000| Untracked 
|  23|0x00000004d6b00000, 0x00000004d6b00000, 0x00000004d6c00000|  0%| F|  |TAMS 0x00000004d6b00000, 0x00000004d6b00000| Untracked 
|  24|0x00000004d6c00000, 0x00000004d6c00000, 0x00000004d6d00000|  0%| F|  |TAMS 0x00000004d6c00000, 0x00000004d6c00000| Untracked 
|  25|0x00000004d6d00000, 0x00000004d6d00000, 0x00000004d6e00000|  0%| F|  |TAMS 0x00000004d6d00000, 0x00000004d6d00000| Untracked 
|  26|0x00000004d6e00000, 0x00000004d6e00000, 0x00000004d6f00000|  0%| F|  |TAMS 0x00000004d6e00000, 0x00000004d6e00000| Untracked 
|  27|0x00000004d6f00000, 0x00000004d6f00000, 0x00000004d7000000|  0%| F|  |TAMS 0x00000004d6f00000, 0x00000004d6f00000| Untracked 
|  28|0x00000004d7000000, 0x00000004d7000000, 0x00000004d7100000|  0%| F|  |TAMS 0x00000004d7000000, 0x00000004d7000000| Untracked 
|  29|0x00000004d7100000, 0x00000004d7100000, 0x00000004d7200000|  0%| F|  |TAMS 0x00000004d7100000, 0x00000004d7100000| Untracked 
|  30|0x00000004d7200000, 0x00000004d7200000, 0x00000004d7300000|  0%| F|  |TAMS 0x00000004d7200000, 0x00000004d7200000| Untracked 
|  31|0x00000004d7300000, 0x00000004d7300000, 0x00000004d7400000|  0%| F|  |TAMS 0x00000004d7300000, 0x00000004d7300000| Untracked 
|  32|0x00000004d7400000, 0x00000004d7400000, 0x00000004d7500000|  0%| F|  |TAMS 0x00000004d7400000, 0x00000004d7400000| Untracked 
|  33|0x00000004d7500000, 0x00000004d7500000, 0x00000004d7600000|  0%| F|  |TAMS 0x00000004d7500000, 0x00000004d7500000| Untracked 
|  34|0x00000004d7600000, 0x00000004d7600000, 0x00000004d7700000|  0%| F|  |TAMS 0x00000004d7600000, 0x00000004d7600000| Untracked 
|  35|0x00000004d7700000, 0x00000004d7700000, 0x00000004d7800000|  0%| F|  |TAMS 0x00000004d7700000, 0x00000004d7700000| Untracked 
|  36|0x00000004d7800000, 0x00000004d7800000, 0x00000004d7900000|  0%| F|  |TAMS 0x00000004d7800000, 0x00000004d7800000| Untracked 
|  37|0x00000004d7900000, 0x00000004d7900000, 0x00000004d7a00000|  0%| F|  |TAMS 0x00000004d7900000, 0x00000004d7900000| Untracked 
|  38|0x00000004d7a00000, 0x00000004d7a00000, 0x00000004d7b00000|  0%| F|  |TAMS 0x00000004d7a00000, 0x00000004d7a00000| Untracked 
|  39|0x00000004d7b00000, 0x00000004d7b00000, 0x00000004d7c00000|  0%| F|  |TAMS 0x00000004d7b00000, 0x00000004d7b00000| Untracked 
|  40|0x00000004d7c00000, 0x00000004d7c00000, 0x00000004d7d00000|  0%| F|  |TAMS 0x00000004d7c00000, 0x00000004d7c00000| Untracked 
|  41|0x00000004d7d00000, 0x00000004d7d00000, 0x00000004d7e00000|  0%| F|  |TAMS 0x00000004d7d00000, 0x00000004d7d00000| Untracked 
|  42|0x00000004d7e00000, 0x00000004d7e00000, 0x00000004d7f00000|  0%| F|  |TAMS 0x00000004d7e00000, 0x00000004d7e00000| Untracked 
|  43|0x00000004d7f00000, 0x00000004d7f00000, 0x00000004d8000000|  0%| F|  |TAMS 0x00000004d7f00000, 0x00000004d7f00000| Untracked 
|  44|0x00000004d8000000, 0x00000004d8000000, 0x00000004d8100000|  0%| F|  |TAMS 0x00000004d8000000, 0x00000004d8000000| Untracked 
|  45|0x00000004d8100000, 0x00000004d8100000, 0x00000004d8200000|  0%| F|  |TAMS 0x00000004d8100000, 0x00000004d8100000| Untracked 
|  46|0x00000004d8200000, 0x00000004d8200000, 0x00000004d8300000|  0%| F|  |TAMS 0x00000004d8200000, 0x00000004d8200000| Untracked 
|  47|0x00000004d8300000, 0x00000004d8300000, 0x00000004d8400000|  0%| F|  |TAMS 0x00000004d8300000, 0x00000004d8300000| Untracked 
|  48|0x00000004d8400000, 0x00000004d8400000, 0x00000004d8500000|  0%| F|  |TAMS 0x00000004d8400000, 0x00000004d8400000| Untracked 
|  49|0x00000004d8500000, 0x00000004d8500000, 0x00000004d8600000|  0%| F|  |TAMS 0x00000004d8500000, 0x00000004d8500000| Untracked 
|  50|0x00000004d8600000, 0x00000004d8600000, 0x00000004d8700000|  0%| F|  |TAMS 0x00000004d8600000, 0x00000004d8600000| Untracked 
|  51|0x00000004d8700000, 0x00000004d8700000, 0x00000004d8800000|  0%| F|  |TAMS 0x00000004d8700000, 0x00000004d8700000| Untracked 
|  52|0x00000004d8800000, 0x00000004d8800000, 0x00000004d8900000|  0%| F|  |TAMS 0x00000004d8800000, 0x00000004d8800000| Untracked 
|  53|0x00000004d8900000, 0x00000004d8900000, 0x00000004d8a00000|  0%| F|  |TAMS 0x00000004d8900000, 0x00000004d8900000| Untracked 
|  54|0x00000004d8a00000, 0x00000004d8a00000, 0x00000004d8b00000|  0%| F|  |TAMS 0x00000004d8a00000, 0x00000004d8a00000| Untracked 
|  55|0x00000004d8b00000, 0x00000004d8b00000, 0x00000004d8c00000|  0%| F|  |TAMS 0x00000004d8b00000, 0x00000004d8b00000| Untracked 
|  56|0x00000004d8c00000, 0x00000004d8c00000, 0x00000004d8d00000|  0%| F|  |TAMS 0x00000004d8c00000, 0x00000004d8c00000| Untracked 
|  57|0x00000004d8d00000, 0x00000004d8d00000, 0x00000004d8e00000|  0%| F|  |TAMS 0x00000004d8d00000, 0x00000004d8d00000| Untracked 
|  58|0x00000004d8e00000, 0x00000004d8e00000, 0x00000004d8f00000|  0%| F|  |TAMS 0x00000004d8e00000, 0x00000004d8e00000| Untracked 
|  59|0x00000004d8f00000, 0x00000004d8f00000, 0x00000004d9000000|  0%| F|  |TAMS 0x00000004d8f00000, 0x00000004d8f00000| Untracked 
|  60|0x00000004d9000000, 0x00000004d9000000, 0x00000004d9100000|  0%| F|  |TAMS 0x00000004d9000000, 0x00000004d9000000| Untracked 
|  61|0x00000004d9100000, 0x00000004d9100000, 0x00000004d9200000|  0%| F|  |TAMS 0x00000004d9100000, 0x00000004d9100000| Untracked 
|  62|0x00000004d9200000, 0x00000004d9200000, 0x00000004d9300000|  0%| F|  |TAMS 0x00000004d9200000, 0x00000004d9200000| Untracked 
|  63|0x00000004d9300000, 0x00000004d9300000, 0x00000004d9400000|  0%| F|  |TAMS 0x00000004d9300000, 0x00000004d9300000| Untracked 
|  64|0x00000004d9400000, 0x00000004d9400000, 0x00000004d9500000|  0%| F|  |TAMS 0x00000004d9400000, 0x00000004d9400000| Untracked 
|  65|0x00000004d9500000, 0x00000004d9500000, 0x00000004d9600000|  0%| F|  |TAMS 0x00000004d9500000, 0x00000004d9500000| Untracked 
|  66|0x00000004d9600000, 0x00000004d9600000, 0x00000004d9700000|  0%| F|  |TAMS 0x00000004d9600000, 0x00000004d9600000| Untracked 
|  67|0x00000004d9700000, 0x00000004d9700000, 0x00000004d9800000|  0%| F|  |TAMS 0x00000004d9700000, 0x00000004d9700000| Untracked 
|  68|0x00000004d9800000, 0x00000004d9800000, 0x00000004d9900000|  0%| F|  |TAMS 0x00000004d9800000, 0x00000004d9800000| Untracked 
|  69|0x00000004d9900000, 0x00000004d9900000, 0x00000004d9a00000|  0%| F|  |TAMS 0x00000004d9900000, 0x00000004d9900000| Untracked 
|  70|0x00000004d9a00000, 0x00000004d9a00000, 0x00000004d9b00000|  0%| F|  |TAMS 0x00000004d9a00000, 0x00000004d9a00000| Untracked 
|  71|0x00000004d9b00000, 0x00000004d9b00000, 0x00000004d9c00000|  0%| F|  |TAMS 0x00000004d9b00000, 0x00000004d9b00000| Untracked 
|  72|0x00000004d9c00000, 0x00000004d9c00000, 0x00000004d9d00000|  0%| F|  |TAMS 0x00000004d9c00000, 0x00000004d9c00000| Untracked 
|  73|0x00000004d9d00000, 0x00000004d9d00000, 0x00000004d9e00000|  0%| F|  |TAMS 0x00000004d9d00000, 0x00000004d9d00000| Untracked 
|  74|0x00000004d9e00000, 0x00000004d9e00000, 0x00000004d9f00000|  0%| F|  |TAMS 0x00000004d9e00000, 0x00000004d9e00000| Untracked 
|  75|0x00000004d9f00000, 0x00000004d9f00000, 0x00000004da000000|  0%| F|  |TAMS 0x00000004d9f00000, 0x00000004d9f00000| Untracked 
|  76|0x00000004da000000, 0x00000004da000000, 0x00000004da100000|  0%| F|  |TAMS 0x00000004da000000, 0x00000004da000000| Untracked 
|  77|0x00000004da100000, 0x00000004da100000, 0x00000004da200000|  0%| F|  |TAMS 0x00000004da100000, 0x00000004da100000| Untracked 
|  78|0x00000004da200000, 0x00000004da200000, 0x00000004da300000|  0%| F|  |TAMS 0x00000004da200000, 0x00000004da200000| Untracked 
|  79|0x00000004da300000, 0x00000004da300000, 0x00000004da400000|  0%| F|  |TAMS 0x00000004da300000, 0x00000004da300000| Untracked 
|  80|0x00000004da400000, 0x00000004da400000, 0x00000004da500000|  0%| F|  |TAMS 0x00000004da400000, 0x00000004da400000| Untracked 
|  81|0x00000004da500000, 0x00000004da500000, 0x00000004da600000|  0%| F|  |TAMS 0x00000004da500000, 0x00000004da500000| Untracked 
|  82|0x00000004da600000, 0x00000004da600000, 0x00000004da700000|  0%| F|  |TAMS 0x00000004da600000, 0x00000004da600000| Untracked 
|  83|0x00000004da700000, 0x00000004da700000, 0x00000004da800000|  0%| F|  |TAMS 0x00000004da700000, 0x00000004da700000| Untracked 
|  84|0x00000004da800000, 0x00000004da800000, 0x00000004da900000|  0%| F|  |TAMS 0x00000004da800000, 0x00000004da800000| Untracked 
|  85|0x00000004da900000, 0x00000004da900000, 0x00000004daa00000|  0%| F|  |TAMS 0x00000004da900000, 0x00000004da900000| Untracked 
|  86|0x00000004daa00000, 0x00000004daa00000, 0x00000004dab00000|  0%| F|  |TAMS 0x00000004daa00000, 0x00000004daa00000| Untracked 
|  87|0x00000004dab00000, 0x00000004dab00000, 0x00000004dac00000|  0%| F|  |TAMS 0x00000004dab00000, 0x00000004dab00000| Untracked 
|  88|0x00000004dac00000, 0x00000004dac00000, 0x00000004dad00000|  0%| F|  |TAMS 0x00000004dac00000, 0x00000004dac00000| Untracked 
|  89|0x00000004dad00000, 0x00000004dad00000, 0x00000004dae00000|  0%| F|  |TAMS 0x00000004dad00000, 0x00000004dad00000| Untracked 
|  90|0x00000004dae00000, 0x00000004dae00000, 0x00000004daf00000|  0%| F|  |TAMS 0x00000004dae00000, 0x00000004dae00000| Untracked 
|  91|0x00000004daf00000, 0x00000004daf00000, 0x00000004db000000|  0%| F|  |TAMS 0x00000004daf00000, 0x00000004daf00000| Untracked 
|  92|0x00000004db000000, 0x00000004db000000, 0x00000004db100000|  0%| F|  |TAMS 0x00000004db000000, 0x00000004db000000| Untracked 
|  93|0x00000004db100000, 0x00000004db100000, 0x00000004db200000|  0%| F|  |TAMS 0x00000004db100000, 0x00000004db100000| Untracked 
|  94|0x00000004db200000, 0x00000004db200000, 0x00000004db300000|  0%| F|  |TAMS 0x00000004db200000, 0x00000004db200000| Untracked 
|  95|0x00000004db300000, 0x00000004db300000, 0x00000004db400000|  0%| F|  |TAMS 0x00000004db300000, 0x00000004db300000| Untracked 
|  96|0x00000004db400000, 0x00000004db400000, 0x00000004db500000|  0%| F|  |TAMS 0x00000004db400000, 0x00000004db400000| Untracked 
|  97|0x00000004db500000, 0x00000004db500000, 0x00000004db600000|  0%| F|  |TAMS 0x00000004db500000, 0x00000004db500000| Untracked 
|  98|0x00000004db600000, 0x00000004db600000, 0x00000004db700000|  0%| F|  |TAMS 0x00000004db600000, 0x00000004db600000| Untracked 
|  99|0x00000004db700000, 0x00000004db700000, 0x00000004db800000|  0%| F|  |TAMS 0x00000004db700000, 0x00000004db700000| Untracked 
| 100|0x00000004db800000, 0x00000004db800000, 0x00000004db900000|  0%| F|  |TAMS 0x00000004db800000, 0x00000004db800000| Untracked 
| 101|0x00000004db900000, 0x00000004db900000, 0x00000004dba00000|  0%| F|  |TAMS 0x00000004db900000, 0x00000004db900000| Untracked 
| 102|0x00000004dba00000, 0x00000004dba00000, 0x00000004dbb00000|  0%| F|  |TAMS 0x00000004dba00000, 0x00000004dba00000| Untracked 
| 103|0x00000004dbb00000, 0x00000004dbb00000, 0x00000004dbc00000|  0%| F|  |TAMS 0x00000004dbb00000, 0x00000004dbb00000| Untracked 
| 104|0x00000004dbc00000, 0x00000004dbc00000, 0x00000004dbd00000|  0%| F|  |TAMS 0x00000004dbc00000, 0x00000004dbc00000| Untracked 
| 105|0x00000004dbd00000, 0x00000004dbd00000, 0x00000004dbe00000|  0%| F|  |TAMS 0x00000004dbd00000, 0x00000004dbd00000| Untracked 
| 106|0x00000004dbe00000, 0x00000004dbe00000, 0x00000004dbf00000|  0%| F|  |TAMS 0x00000004dbe00000, 0x00000004dbe00000| Untracked 
| 107|0x00000004dbf00000, 0x00000004dbf00000, 0x00000004dc000000|  0%| F|  |TAMS 0x00000004dbf00000, 0x00000004dbf00000| Untracked 
| 108|0x00000004dc000000, 0x00000004dc000000, 0x00000004dc100000|  0%| F|  |TAMS 0x00000004dc000000, 0x00000004dc000000| Untracked 
| 109|0x00000004dc100000, 0x00000004dc100000, 0x00000004dc200000|  0%| F|  |TAMS 0x00000004dc100000, 0x00000004dc100000| Untracked 
| 110|0x00000004dc200000, 0x00000004dc200000, 0x00000004dc300000|  0%| F|  |TAMS 0x00000004dc200000, 0x00000004dc200000| Untracked 
| 111|0x00000004dc300000, 0x00000004dc300000, 0x00000004dc400000|  0%| F|  |TAMS 0x00000004dc300000, 0x00000004dc300000| Untracked 
| 112|0x00000004dc400000, 0x00000004dc400000, 0x00000004dc500000|  0%| F|  |TAMS 0x00000004dc400000, 0x00000004dc400000| Untracked 
| 113|0x00000004dc500000, 0x00000004dc500000, 0x00000004dc600000|  0%| F|  |TAMS 0x00000004dc500000, 0x00000004dc500000| Untracked 
| 114|0x00000004dc600000, 0x00000004dc600000, 0x00000004dc700000|  0%| F|  |TAMS 0x00000004dc600000, 0x00000004dc600000| Untracked 
| 115|0x00000004dc700000, 0x00000004dc700000, 0x00000004dc800000|  0%| F|  |TAMS 0x00000004dc700000, 0x00000004dc700000| Untracked 
| 116|0x00000004dc800000, 0x00000004dc800000, 0x00000004dc900000|  0%| F|  |TAMS 0x00000004dc800000, 0x00000004dc800000| Untracked 
| 117|0x00000004dc900000, 0x00000004dc900000, 0x00000004dca00000|  0%| F|  |TAMS 0x00000004dc900000, 0x00000004dc900000| Untracked 
| 118|0x00000004dca00000, 0x00000004dca00000, 0x00000004dcb00000|  0%| F|  |TAMS 0x00000004dca00000, 0x00000004dca00000| Untracked 
| 119|0x00000004dcb00000, 0x00000004dcb00000, 0x00000004dcc00000|  0%| F|  |TAMS 0x00000004dcb00000, 0x00000004dcb00000| Untracked 
| 120|0x00000004dcc00000, 0x00000004dcc00000, 0x00000004dcd00000|  0%| F|  |TAMS 0x00000004dcc00000, 0x00000004dcc00000| Untracked 
| 121|0x00000004dcd00000, 0x00000004dcd00000, 0x00000004dce00000|  0%| F|  |TAMS 0x00000004dcd00000, 0x00000004dcd00000| Untracked 
| 122|0x00000004dce00000, 0x00000004dce00000, 0x00000004dcf00000|  0%| F|  |TAMS 0x00000004dce00000, 0x00000004dce00000| Untracked 
| 123|0x00000004dcf00000, 0x00000004dcf00000, 0x00000004dd000000|  0%| F|  |TAMS 0x00000004dcf00000, 0x00000004dcf00000| Untracked 
| 124|0x00000004dd000000, 0x00000004dd000000, 0x00000004dd100000|  0%| F|  |TAMS 0x00000004dd000000, 0x00000004dd000000| Untracked 
| 125|0x00000004dd100000, 0x00000004dd100000, 0x00000004dd200000|  0%| F|  |TAMS 0x00000004dd100000, 0x00000004dd100000| Untracked 
| 126|0x00000004dd200000, 0x00000004dd200000, 0x00000004dd300000|  0%| F|  |TAMS 0x00000004dd200000, 0x00000004dd200000| Untracked 
| 127|0x00000004dd300000, 0x00000004dd300000, 0x00000004dd400000|  0%| F|  |TAMS 0x00000004dd300000, 0x00000004dd300000| Untracked 
| 128|0x00000004dd400000, 0x00000004dd400000, 0x00000004dd500000|  0%| F|  |TAMS 0x00000004dd400000, 0x00000004dd400000| Untracked 
| 129|0x00000004dd500000, 0x00000004dd500000, 0x00000004dd600000|  0%| F|  |TAMS 0x00000004dd500000, 0x00000004dd500000| Untracked 
| 130|0x00000004dd600000, 0x00000004dd600000, 0x00000004dd700000|  0%| F|  |TAMS 0x00000004dd600000, 0x00000004dd600000| Untracked 
| 131|0x00000004dd700000, 0x00000004dd700000, 0x00000004dd800000|  0%| F|  |TAMS 0x00000004dd700000, 0x00000004dd700000| Untracked 
| 132|0x00000004dd800000, 0x00000004dd800000, 0x00000004dd900000|  0%| F|  |TAMS 0x00000004dd800000, 0x00000004dd800000| Untracked 
| 133|0x00000004dd900000, 0x00000004dd900000, 0x00000004dda00000|  0%| F|  |TAMS 0x00000004dd900000, 0x00000004dd900000| Untracked 
| 134|0x00000004dda00000, 0x00000004dda00000, 0x00000004ddb00000|  0%| F|  |TAMS 0x00000004dda00000, 0x00000004dda00000| Untracked 
| 135|0x00000004ddb00000, 0x00000004ddb00000, 0x00000004ddc00000|  0%| F|  |TAMS 0x00000004ddb00000, 0x00000004ddb00000| Untracked 
| 136|0x00000004ddc00000, 0x00000004ddc00000, 0x00000004ddd00000|  0%| F|  |TAMS 0x00000004ddc00000, 0x00000004ddc00000| Untracked 
| 137|0x00000004ddd00000, 0x00000004ddd00000, 0x00000004dde00000|  0%| F|  |TAMS 0x00000004ddd00000, 0x00000004ddd00000| Untracked 
| 138|0x00000004dde00000, 0x00000004dde00000, 0x00000004ddf00000|  0%| F|  |TAMS 0x00000004dde00000, 0x00000004dde00000| Untracked 
| 139|0x00000004ddf00000, 0x00000004ddf00000, 0x00000004de000000|  0%| F|  |TAMS 0x00000004ddf00000, 0x00000004ddf00000| Untracked 
| 140|0x00000004de000000, 0x00000004de000000, 0x00000004de100000|  0%| F|  |TAMS 0x00000004de000000, 0x00000004de000000| Untracked 
| 141|0x00000004de100000, 0x00000004de100000, 0x00000004de200000|  0%| F|  |TAMS 0x00000004de100000, 0x00000004de100000| Untracked 
| 142|0x00000004de200000, 0x00000004de200000, 0x00000004de300000|  0%| F|  |TAMS 0x00000004de200000, 0x00000004de200000| Untracked 
| 143|0x00000004de300000, 0x00000004de300000, 0x00000004de400000|  0%| F|  |TAMS 0x00000004de300000, 0x00000004de300000| Untracked 
| 144|0x00000004de400000, 0x00000004de400000, 0x00000004de500000|  0%| F|  |TAMS 0x00000004de400000, 0x00000004de400000| Untracked 
| 145|0x00000004de500000, 0x00000004de500000, 0x00000004de600000|  0%| F|  |TAMS 0x00000004de500000, 0x00000004de500000| Untracked 
| 146|0x00000004de600000, 0x00000004de600000, 0x00000004de700000|  0%| F|  |TAMS 0x00000004de600000, 0x00000004de600000| Untracked 
| 147|0x00000004de700000, 0x00000004de700000, 0x00000004de800000|  0%| F|  |TAMS 0x00000004de700000, 0x00000004de700000| Untracked 
| 148|0x00000004de800000, 0x00000004de800000, 0x00000004de900000|  0%| F|  |TAMS 0x00000004de800000, 0x00000004de800000| Untracked 
| 149|0x00000004de900000, 0x00000004de900000, 0x00000004dea00000|  0%| F|  |TAMS 0x00000004de900000, 0x00000004de900000| Untracked 
| 150|0x00000004dea00000, 0x00000004dea00000, 0x00000004deb00000|  0%| F|  |TAMS 0x00000004dea00000, 0x00000004dea00000| Untracked 
| 151|0x00000004deb00000, 0x00000004deb00000, 0x00000004dec00000|  0%| F|  |TAMS 0x00000004deb00000, 0x00000004deb00000| Untracked 
| 152|0x00000004dec00000, 0x00000004dec00000, 0x00000004ded00000|  0%| F|  |TAMS 0x00000004dec00000, 0x00000004dec00000| Untracked 
| 153|0x00000004ded00000, 0x00000004ded00000, 0x00000004dee00000|  0%| F|  |TAMS 0x00000004ded00000, 0x00000004ded00000| Untracked 
| 154|0x00000004dee00000, 0x00000004dee00000, 0x00000004def00000|  0%| F|  |TAMS 0x00000004dee00000, 0x00000004dee00000| Untracked 
| 155|0x00000004def00000, 0x00000004def00000, 0x00000004df000000|  0%| F|  |TAMS 0x00000004def00000, 0x00000004def00000| Untracked 
| 156|0x00000004df000000, 0x00000004df000000, 0x00000004df100000|  0%| F|  |TAMS 0x00000004df000000, 0x00000004df000000| Untracked 
| 157|0x00000004df100000, 0x00000004df100000, 0x00000004df200000|  0%| F|  |TAMS 0x00000004df100000, 0x00000004df100000| Untracked 
| 158|0x00000004df200000, 0x00000004df200000, 0x00000004df300000|  0%| F|  |TAMS 0x00000004df200000, 0x00000004df200000| Untracked 
| 159|0x00000004df300000, 0x00000004df300000, 0x00000004df400000|  0%| F|  |TAMS 0x00000004df300000, 0x00000004df300000| Untracked 
| 160|0x00000004df400000, 0x00000004df400000, 0x00000004df500000|  0%| F|  |TAMS 0x00000004df400000, 0x00000004df400000| Untracked 
| 161|0x00000004df500000, 0x00000004df500000, 0x00000004df600000|  0%| F|  |TAMS 0x00000004df500000, 0x00000004df500000| Untracked 
| 162|0x00000004df600000, 0x00000004df600000, 0x00000004df700000|  0%| F|  |TAMS 0x00000004df600000, 0x00000004df600000| Untracked 
| 163|0x00000004df700000, 0x00000004df700000, 0x00000004df800000|  0%| F|  |TAMS 0x00000004df700000, 0x00000004df700000| Untracked 
| 164|0x00000004df800000, 0x00000004df800000, 0x00000004df900000|  0%| F|  |TAMS 0x00000004df800000, 0x00000004df800000| Untracked 
| 165|0x00000004df900000, 0x00000004df900000, 0x00000004dfa00000|  0%| F|  |TAMS 0x00000004df900000, 0x00000004df900000| Untracked 
| 166|0x00000004dfa00000, 0x00000004dfa00000, 0x00000004dfb00000|  0%| F|  |TAMS 0x00000004dfa00000, 0x00000004dfa00000| Untracked 
| 167|0x00000004dfb00000, 0x00000004dfb00000, 0x00000004dfc00000|  0%| F|  |TAMS 0x00000004dfb00000, 0x00000004dfb00000| Untracked 
| 168|0x00000004dfc00000, 0x00000004dfc00000, 0x00000004dfd00000|  0%| F|  |TAMS 0x00000004dfc00000, 0x00000004dfc00000| Untracked 
| 169|0x00000004dfd00000, 0x00000004dfd00000, 0x00000004dfe00000|  0%| F|  |TAMS 0x00000004dfd00000, 0x00000004dfd00000| Untracked 
| 170|0x00000004dfe00000, 0x00000004dfe00000, 0x00000004dff00000|  0%| F|  |TAMS 0x00000004dfe00000, 0x00000004dfe00000| Untracked 
| 171|0x00000004dff00000, 0x00000004dff00000, 0x00000004e0000000|  0%| F|  |TAMS 0x00000004dff00000, 0x00000004dff00000| Untracked 
| 172|0x00000004e0000000, 0x00000004e0000000, 0x00000004e0100000|  0%| F|  |TAMS 0x00000004e0000000, 0x00000004e0000000| Untracked 
| 173|0x00000004e0100000, 0x00000004e0100000, 0x00000004e0200000|  0%| F|  |TAMS 0x00000004e0100000, 0x00000004e0100000| Untracked 
| 174|0x00000004e0200000, 0x00000004e0200000, 0x00000004e0300000|  0%| F|  |TAMS 0x00000004e0200000, 0x00000004e0200000| Untracked 
| 175|0x00000004e0300000, 0x00000004e0300000, 0x00000004e0400000|  0%| F|  |TAMS 0x00000004e0300000, 0x00000004e0300000| Untracked 
| 176|0x00000004e0400000, 0x00000004e0400000, 0x00000004e0500000|  0%| F|  |TAMS 0x00000004e0400000, 0x00000004e0400000| Untracked 
| 177|0x00000004e0500000, 0x00000004e0500000, 0x00000004e0600000|  0%| F|  |TAMS 0x00000004e0500000, 0x00000004e0500000| Untracked 
| 178|0x00000004e0600000, 0x00000004e0600000, 0x00000004e0700000|  0%| F|  |TAMS 0x00000004e0600000, 0x00000004e0600000| Untracked 
| 179|0x00000004e0700000, 0x00000004e0700000, 0x00000004e0800000|  0%| F|  |TAMS 0x00000004e0700000, 0x00000004e0700000| Untracked 
| 180|0x00000004e0800000, 0x00000004e0800000, 0x00000004e0900000|  0%| F|  |TAMS 0x00000004e0800000, 0x00000004e0800000| Untracked 
| 181|0x00000004e0900000, 0x00000004e0900000, 0x00000004e0a00000|  0%| F|  |TAMS 0x00000004e0900000, 0x00000004e0900000| Untracked 
| 182|0x00000004e0a00000, 0x00000004e0a00000, 0x00000004e0b00000|  0%| F|  |TAMS 0x00000004e0a00000, 0x00000004e0a00000| Untracked 
| 183|0x00000004e0b00000, 0x00000004e0b00000, 0x00000004e0c00000|  0%| F|  |TAMS 0x00000004e0b00000, 0x00000004e0b00000| Untracked 
| 184|0x00000004e0c00000, 0x00000004e0c00000, 0x00000004e0d00000|  0%| F|  |TAMS 0x00000004e0c00000, 0x00000004e0c00000| Untracked 
| 185|0x00000004e0d00000, 0x00000004e0d00000, 0x00000004e0e00000|  0%| F|  |TAMS 0x00000004e0d00000, 0x00000004e0d00000| Untracked 
| 186|0x00000004e0e00000, 0x00000004e0e00000, 0x00000004e0f00000|  0%| F|  |TAMS 0x00000004e0e00000, 0x00000004e0e00000| Untracked 
| 187|0x00000004e0f00000, 0x00000004e0f00000, 0x00000004e1000000|  0%| F|  |TAMS 0x00000004e0f00000, 0x00000004e0f00000| Untracked 
| 188|0x00000004e1000000, 0x00000004e1000000, 0x00000004e1100000|  0%| F|  |TAMS 0x00000004e1000000, 0x00000004e1000000| Untracked 
| 189|0x00000004e1100000, 0x00000004e1100000, 0x00000004e1200000|  0%| F|  |TAMS 0x00000004e1100000, 0x00000004e1100000| Untracked 
| 190|0x00000004e1200000, 0x00000004e129c498, 0x00000004e1300000| 61%| S|CS|TAMS 0x00000004e1200000, 0x00000004e1200000| Complete 
| 191|0x00000004e1300000, 0x00000004e1400000, 0x00000004e1400000|100%| S|CS|TAMS 0x00000004e1300000, 0x00000004e1300000| Complete 
| 192|0x00000004e1400000, 0x00000004e1500000, 0x00000004e1500000|100%| S|CS|TAMS 0x00000004e1400000, 0x00000004e1400000| Complete 
| 193|0x00000004e1500000, 0x00000004e1600000, 0x00000004e1600000|100%| S|CS|TAMS 0x00000004e1500000, 0x00000004e1500000| Complete 
| 194|0x00000004e1600000, 0x00000004e1700000, 0x00000004e1700000|100%| S|CS|TAMS 0x00000004e1600000, 0x00000004e1600000| Complete 
| 195|0x00000004e1700000, 0x00000004e1800000, 0x00000004e1800000|100%| S|CS|TAMS 0x00000004e1700000, 0x00000004e1700000| Complete 
| 196|0x00000004e1800000, 0x00000004e1900000, 0x00000004e1900000|100%| S|CS|TAMS 0x00000004e1800000, 0x00000004e1800000| Complete 
| 197|0x00000004e1900000, 0x00000004e1a00000, 0x00000004e1a00000|100%| S|CS|TAMS 0x00000004e1900000, 0x00000004e1900000| Complete 
| 198|0x00000004e1a00000, 0x00000004e1b00000, 0x00000004e1b00000|100%| S|CS|TAMS 0x00000004e1a00000, 0x00000004e1a00000| Complete 
| 199|0x00000004e1b00000, 0x00000004e1c00000, 0x00000004e1c00000|100%| S|CS|TAMS 0x00000004e1b00000, 0x00000004e1b00000| Complete 
| 200|0x00000004e1c00000, 0x00000004e1c00000, 0x00000004e1d00000|  0%| F|  |TAMS 0x00000004e1c00000, 0x00000004e1c00000| Untracked 
| 201|0x00000004e1d00000, 0x00000004e1d00000, 0x00000004e1e00000|  0%| F|  |TAMS 0x00000004e1d00000, 0x00000004e1d00000| Untracked 
| 202|0x00000004e1e00000, 0x00000004e1e00000, 0x00000004e1f00000|  0%| F|  |TAMS 0x00000004e1e00000, 0x00000004e1e00000| Untracked 
| 203|0x00000004e1f00000, 0x00000004e1f00000, 0x00000004e2000000|  0%| F|  |TAMS 0x00000004e1f00000, 0x00000004e1f00000| Untracked 
| 204|0x00000004e2000000, 0x00000004e2000000, 0x00000004e2100000|  0%| F|  |TAMS 0x00000004e2000000, 0x00000004e2000000| Untracked 
| 205|0x00000004e2100000, 0x00000004e2100000, 0x00000004e2200000|  0%| F|  |TAMS 0x00000004e2100000, 0x00000004e2100000| Untracked 
| 206|0x00000004e2200000, 0x00000004e2200000, 0x00000004e2300000|  0%| F|  |TAMS 0x00000004e2200000, 0x00000004e2200000| Untracked 
| 207|0x00000004e2300000, 0x00000004e2300000, 0x00000004e2400000|  0%| F|  |TAMS 0x00000004e2300000, 0x00000004e2300000| Untracked 
| 208|0x00000004e2400000, 0x00000004e2400000, 0x00000004e2500000|  0%| F|  |TAMS 0x00000004e2400000, 0x00000004e2400000| Untracked 
| 209|0x00000004e2500000, 0x00000004e2500000, 0x00000004e2600000|  0%| F|  |TAMS 0x00000004e2500000, 0x00000004e2500000| Untracked 
| 210|0x00000004e2600000, 0x00000004e2600000, 0x00000004e2700000|  0%| F|  |TAMS 0x00000004e2600000, 0x00000004e2600000| Untracked 
| 211|0x00000004e2700000, 0x00000004e2700000, 0x00000004e2800000|  0%| F|  |TAMS 0x00000004e2700000, 0x00000004e2700000| Untracked 
| 212|0x00000004e2800000, 0x00000004e2800000, 0x00000004e2900000|  0%| F|  |TAMS 0x00000004e2800000, 0x00000004e2800000| Untracked 
| 213|0x00000004e2900000, 0x00000004e2900000, 0x00000004e2a00000|  0%| F|  |TAMS 0x00000004e2900000, 0x00000004e2900000| Untracked 
| 214|0x00000004e2a00000, 0x00000004e2a00000, 0x00000004e2b00000|  0%| F|  |TAMS 0x00000004e2a00000, 0x00000004e2a00000| Untracked 
| 215|0x00000004e2b00000, 0x00000004e2b00000, 0x00000004e2c00000|  0%| F|  |TAMS 0x00000004e2b00000, 0x00000004e2b00000| Untracked 
| 216|0x00000004e2c00000, 0x00000004e2c00000, 0x00000004e2d00000|  0%| F|  |TAMS 0x00000004e2c00000, 0x00000004e2c00000| Untracked 
| 217|0x00000004e2d00000, 0x00000004e2d00000, 0x00000004e2e00000|  0%| F|  |TAMS 0x00000004e2d00000, 0x00000004e2d00000| Untracked 
| 218|0x00000004e2e00000, 0x00000004e2e00000, 0x00000004e2f00000|  0%| F|  |TAMS 0x00000004e2e00000, 0x00000004e2e00000| Untracked 
| 219|0x00000004e2f00000, 0x00000004e2f00000, 0x00000004e3000000|  0%| F|  |TAMS 0x00000004e2f00000, 0x00000004e2f00000| Untracked 
| 220|0x00000004e3000000, 0x00000004e3000000, 0x00000004e3100000|  0%| F|  |TAMS 0x00000004e3000000, 0x00000004e3000000| Untracked 
| 221|0x00000004e3100000, 0x00000004e3100000, 0x00000004e3200000|  0%| F|  |TAMS 0x00000004e3100000, 0x00000004e3100000| Untracked 
| 222|0x00000004e3200000, 0x00000004e3200000, 0x00000004e3300000|  0%| F|  |TAMS 0x00000004e3200000, 0x00000004e3200000| Untracked 
| 223|0x00000004e3300000, 0x00000004e3300000, 0x00000004e3400000|  0%| F|  |TAMS 0x00000004e3300000, 0x00000004e3300000| Untracked 
| 224|0x00000004e3400000, 0x00000004e3400000, 0x00000004e3500000|  0%| F|  |TAMS 0x00000004e3400000, 0x00000004e3400000| Untracked 
| 225|0x00000004e3500000, 0x00000004e3500000, 0x00000004e3600000|  0%| F|  |TAMS 0x00000004e3500000, 0x00000004e3500000| Untracked 
| 226|0x00000004e3600000, 0x00000004e3600000, 0x00000004e3700000|  0%| F|  |TAMS 0x00000004e3600000, 0x00000004e3600000| Untracked 
| 227|0x00000004e3700000, 0x00000004e3700000, 0x00000004e3800000|  0%| F|  |TAMS 0x00000004e3700000, 0x00000004e3700000| Untracked 
| 228|0x00000004e3800000, 0x00000004e3800000, 0x00000004e3900000|  0%| F|  |TAMS 0x00000004e3800000, 0x00000004e3800000| Untracked 
| 229|0x00000004e3900000, 0x00000004e3900000, 0x00000004e3a00000|  0%| F|  |TAMS 0x00000004e3900000, 0x00000004e3900000| Untracked 
| 230|0x00000004e3a00000, 0x00000004e3a00000, 0x00000004e3b00000|  0%| F|  |TAMS 0x00000004e3a00000, 0x00000004e3a00000| Untracked 
| 231|0x00000004e3b00000, 0x00000004e3b00000, 0x00000004e3c00000|  0%| F|  |TAMS 0x00000004e3b00000, 0x00000004e3b00000| Untracked 
| 232|0x00000004e3c00000, 0x00000004e3c00000, 0x00000004e3d00000|  0%| F|  |TAMS 0x00000004e3c00000, 0x00000004e3c00000| Untracked 
| 233|0x00000004e3d00000, 0x00000004e3d00000, 0x00000004e3e00000|  0%| F|  |TAMS 0x00000004e3d00000, 0x00000004e3d00000| Untracked 
| 234|0x00000004e3e00000, 0x00000004e3e00000, 0x00000004e3f00000|  0%| F|  |TAMS 0x00000004e3e00000, 0x00000004e3e00000| Untracked 
| 235|0x00000004e3f00000, 0x00000004e3f00000, 0x00000004e4000000|  0%| F|  |TAMS 0x00000004e3f00000, 0x00000004e3f00000| Untracked 
| 236|0x00000004e4000000, 0x00000004e4000000, 0x00000004e4100000|  0%| F|  |TAMS 0x00000004e4000000, 0x00000004e4000000| Untracked 
| 237|0x00000004e4100000, 0x00000004e4100000, 0x00000004e4200000|  0%| F|  |TAMS 0x00000004e4100000, 0x00000004e4100000| Untracked 
| 238|0x00000004e4200000, 0x00000004e4200000, 0x00000004e4300000|  0%| F|  |TAMS 0x00000004e4200000, 0x00000004e4200000| Untracked 
| 239|0x00000004e4300000, 0x00000004e4300000, 0x00000004e4400000|  0%| F|  |TAMS 0x00000004e4300000, 0x00000004e4300000| Untracked 
| 240|0x00000004e4400000, 0x00000004e4400000, 0x00000004e4500000|  0%| F|  |TAMS 0x00000004e4400000, 0x00000004e4400000| Untracked 
| 241|0x00000004e4500000, 0x00000004e4500000, 0x00000004e4600000|  0%| F|  |TAMS 0x00000004e4500000, 0x00000004e4500000| Untracked 
| 242|0x00000004e4600000, 0x00000004e4600000, 0x00000004e4700000|  0%| F|  |TAMS 0x00000004e4600000, 0x00000004e4600000| Untracked 
| 243|0x00000004e4700000, 0x00000004e4700000, 0x00000004e4800000|  0%| F|  |TAMS 0x00000004e4700000, 0x00000004e4700000| Untracked 
| 244|0x00000004e4800000, 0x00000004e4800000, 0x00000004e4900000|  0%| F|  |TAMS 0x00000004e4800000, 0x00000004e4800000| Untracked 
| 245|0x00000004e4900000, 0x00000004e4900000, 0x00000004e4a00000|  0%| F|  |TAMS 0x00000004e4900000, 0x00000004e4900000| Untracked 
| 246|0x00000004e4a00000, 0x00000004e4a00000, 0x00000004e4b00000|  0%| F|  |TAMS 0x00000004e4a00000, 0x00000004e4a00000| Untracked 
| 247|0x00000004e4b00000, 0x00000004e4b00000, 0x00000004e4c00000|  0%| F|  |TAMS 0x00000004e4b00000, 0x00000004e4b00000| Untracked 
| 248|0x00000004e4c00000, 0x00000004e4c00000, 0x00000004e4d00000|  0%| F|  |TAMS 0x00000004e4c00000, 0x00000004e4c00000| Untracked 
| 249|0x00000004e4d00000, 0x00000004e4d00000, 0x00000004e4e00000|  0%| F|  |TAMS 0x00000004e4d00000, 0x00000004e4d00000| Untracked 
| 250|0x00000004e4e00000, 0x00000004e4e00000, 0x00000004e4f00000|  0%| F|  |TAMS 0x00000004e4e00000, 0x00000004e4e00000| Untracked 
| 251|0x00000004e4f00000, 0x00000004e4f00000, 0x00000004e5000000|  0%| F|  |TAMS 0x00000004e4f00000, 0x00000004e4f00000| Untracked 
| 252|0x00000004e5000000, 0x00000004e5000000, 0x00000004e5100000|  0%| F|  |TAMS 0x00000004e5000000, 0x00000004e5000000| Untracked 
| 253|0x00000004e5100000, 0x00000004e5100000, 0x00000004e5200000|  0%| F|  |TAMS 0x00000004e5100000, 0x00000004e5100000| Untracked 
| 254|0x00000004e5200000, 0x00000004e5200000, 0x00000004e5300000|  0%| F|  |TAMS 0x00000004e5200000, 0x00000004e5200000| Untracked 
| 255|0x00000004e5300000, 0x00000004e5300000, 0x00000004e5400000|  0%| F|  |TAMS 0x00000004e5300000, 0x00000004e5300000| Untracked 

Card table byte_map: [0x000001b99d4a0000,0x000001b99dca0000] _byte_map_base: 0x000001b99adf6000

Marking Bits (Prev, Next): (CMBitMap*) 0x000001b9866489c0, (CMBitMap*) 0x000001b986648988
 Prev Bits: [0x000001b9a24a0000, 0x000001b9a64a0000)
 Next Bits: [0x000001b99e4a0000, 0x000001b9a24a0000)

Polling page: 0x000001b984790000

Metaspace:

Usage:
  Non-class:     30.37 MB capacity,    29.70 MB ( 98%) used,   538.12 KB (  2%) free+waste,   142.25 KB ( <1%) overhead. 
      Class:      4.52 MB capacity,     4.02 MB ( 89%) used,   437.30 KB (  9%) free+waste,    73.00 KB (  2%) overhead. 
       Both:     34.89 MB capacity,    33.72 MB ( 97%) used,   975.42 KB (  3%) free+waste,   215.25 KB ( <1%) overhead. 

Virtual space:
  Non-class space:       32.00 MB reserved,      30.42 MB ( 95%) committed 
      Class space:        1.00 GB reserved,       4.63 MB ( <1%) committed 
             Both:        1.03 GB reserved,      35.05 MB (  3%) committed 

Chunk freelists:
   Non-Class:  7.25 KB
       Class:  1.25 KB
        Both:  8.50 KB

CodeHeap 'non-profiled nmethods': size=120064Kb used=1707Kb max_used=1707Kb free=118356Kb
 bounds [0x000001b995760000, 0x000001b9959d0000, 0x000001b99cca0000]
CodeHeap 'profiled nmethods': size=120000Kb used=7867Kb max_used=7867Kb free=112132Kb
 bounds [0x000001b98e230000, 0x000001b98e9e0000, 0x000001b995760000]
CodeHeap 'non-nmethods': size=5696Kb used=1158Kb max_used=1220Kb free=4537Kb
 bounds [0x000001b98dca0000, 0x000001b98df10000, 0x000001b98e230000]
 total_blobs=3939 nmethods=3467 adapters=382
 compilation: enabled
              stopped_count=0, restarted_count=0
 full_count=0

Compilation events (10 events):
Event: 4.772 Thread 0x000001b9a92aa800 nmethod 3467 0x000001b99590a710 code [0x000001b99590a8a0, 0x000001b99590a958]
Event: 4.773 Thread 0x000001b9a92aa800 3468       3       java.lang.reflect.AccessibleObject::verifyAccess (84 bytes)
Event: 4.774 Thread 0x000001b9a92aa800 nmethod 3468 0x000001b98e9dcf90 code [0x000001b98e9dd160, 0x000001b98e9dd7a8]
Event: 4.774 Thread 0x000001b9a92aa800 3469  s    3       java.lang.StringBuffer::toString (59 bytes)
Event: 4.774 Thread 0x000001b9a92aa800 nmethod 3469 0x000001b98e9dd910 code [0x000001b98e9ddb20, 0x000001b98e9de3f8]
Event: 4.777 Thread 0x000001b9aa33a000 3470       4       java.nio.HeapByteBuffer::getShort (25 bytes)
Event: 4.778 Thread 0x000001b9aa33a000 nmethod 3470 0x000001b99590aa10 code [0x000001b99590ab80, 0x000001b99590ac58]
Event: 4.783 Thread 0x000001b9a92aa800 3471       3       java.lang.reflect.AccessibleObject::checkAccess (40 bytes)
Event: 4.784 Thread 0x000001b9a92aa800 nmethod 3471 0x000001b98e9de610 code [0x000001b98e9de7e0, 0x000001b98e9deb18]
Event: 4.788 Thread 0x000001b9aa33a000 3472       4       java.lang.String::concat (115 bytes)

GC Heap History (10 events):
Event: 0.650 GC heap after
{Heap after GC invocations=1 (full 0):
 garbage-first heap   total 262144K, used 5555K [0x00000004d5400000, 0x00000005d5400000)
  region size 1024K, 2 young (2048K), 2 survivors (2048K)
 Metaspace       used 10511K, capacity 10723K, committed 10880K, reserved 1058816K
  class space    used 994K, capacity 1098K, committed 1152K, reserved 1048576K
}
Event: 0.898 GC heap before
{Heap before GC invocations=1 (full 0):
 garbage-first heap   total 262144K, used 15795K [0x00000004d5400000, 0x00000005d5400000)
  region size 1024K, 12 young (12288K), 2 survivors (2048K)
 Metaspace       used 12440K, capacity 12784K, committed 13056K, reserved 1060864K
  class space    used 1260K, capacity 1414K, committed 1536K, reserved 1048576K
}
Event: 0.901 GC heap after
{Heap after GC invocations=2 (full 0):
 garbage-first heap   total 262144K, used 5660K [0x00000004d5400000, 0x00000005d5400000)
  region size 1024K, 1 young (1024K), 1 survivors (1024K)
 Metaspace       used 12440K, capacity 12784K, committed 13056K, reserved 1060864K
  class space    used 1260K, capacity 1414K, committed 1536K, reserved 1048576K
}
Event: 1.989 GC heap before
{Heap before GC invocations=2 (full 0):
 garbage-first heap   total 262144K, used 44572K [0x00000004d5400000, 0x00000005d5400000)
  region size 1024K, 39 young (39936K), 1 survivors (1024K)
 Metaspace       used 19781K, capacity 20423K, committed 20736K, reserved 1067008K
  class space    used 2205K, capacity 2489K, committed 2560K, reserved 1048576K
}
Event: 1.993 GC heap after
{Heap after GC invocations=3 (full 0):
 garbage-first heap   total 262144K, used 7514K [0x00000004d5400000, 0x00000005d5400000)
  region size 1024K, 3 young (3072K), 3 survivors (3072K)
 Metaspace       used 19781K, capacity 20423K, committed 20736K, reserved 1067008K
  class space    used 2205K, capacity 2489K, committed 2560K, reserved 1048576K
}
Event: 2.129 GC heap before
{Heap before GC invocations=3 (full 0):
 garbage-first heap   total 262144K, used 11610K [0x00000004d5400000, 0x00000005d5400000)
  region size 1024K, 8 young (8192K), 3 survivors (3072K)
 Metaspace       used 20518K, capacity 21176K, committed 21296K, reserved 1069056K
  class space    used 2305K, capacity 2615K, committed 2688K, reserved 1048576K
}
Event: 2.134 GC heap after
{Heap after GC invocations=4 (full 0):
 garbage-first heap   total 262144K, used 7793K [0x00000004d5400000, 0x00000005d5400000)
  region size 1024K, 3 young (3072K), 3 survivors (3072K)
 Metaspace       used 20518K, capacity 21176K, committed 21296K, reserved 1069056K
  class space    used 2305K, capacity 2615K, committed 2688K, reserved 1048576K
}
Event: 3.641 GC heap before
{Heap before GC invocations=5 (full 0):
 garbage-first heap   total 262144K, used 79473K [0x00000004d5400000, 0x00000005d5400000)
  region size 1024K, 74 young (75776K), 3 survivors (3072K)
 Metaspace       used 30660K, capacity 31651K, committed 31920K, reserved 1077248K
  class space    used 3594K, capacity 3996K, committed 4096K, reserved 1048576K
}
Event: 3.650 GC heap after
{Heap after GC invocations=6 (full 0):
 garbage-first heap   total 262144K, used 10327K [0x00000004d5400000, 0x00000005d5400000)
  region size 1024K, 5 young (5120K), 5 survivors (5120K)
 Metaspace       used 30660K, capacity 31651K, committed 31920K, reserved 1077248K
  class space    used 3594K, capacity 3996K, committed 4096K, reserved 1048576K
}
Event: 4.794 GC heap before
{Heap before GC invocations=6 (full 0):
 garbage-first heap   total 262144K, used 66647K [0x00000004d5400000, 0x00000005d5400000)
  region size 1024K, 61 young (62464K), 5 survivors (5120K)
 Metaspace       used 34533K, capacity 35724K, committed 35888K, reserved 1081344K
  class space    used 4119K, capacity 4630K, committed 4736K, reserved 1048576K
}

Deoptimization events (10 events):
Event: 3.930 Thread 0x000001b9865e8800 Uncommon trap: reason=class_check action=maybe_recompile pc=0x000001b99582a5f0 method=java.lang.invoke.LambdaForm$Name.replaceNames([Ljava/lang/invoke/LambdaForm$Name;[Ljava/lang/invoke/LambdaForm$Name;II)Ljava/lang/invoke/LambdaForm$Name; @ 33 c2
Event: 4.045 Thread 0x000001b9865e8800 Uncommon trap: reason=unstable_if action=reinterpret pc=0x000001b9957e8eb8 method=sun.net.www.ParseUtil.firstEncodeIndex(Ljava/lang/String;)I @ 51 c2
Event: 4.045 Thread 0x000001b9865e8800 Uncommon trap: reason=unstable_if action=reinterpret pc=0x000001b9958aacb0 method=sun.net.www.ParseUtil.firstEncodeIndex(Ljava/lang/String;)I @ 51 c2
Event: 4.046 Thread 0x000001b9865e8800 Uncommon trap: reason=unstable_if action=reinterpret pc=0x000001b9957bdda8 method=sun.net.www.ParseUtil.firstEncodeIndex(Ljava/lang/String;)I @ 51 c2
Event: 4.391 Thread 0x000001b9865e8800 Uncommon trap: reason=unstable_if action=reinterpret pc=0x000001b9958d9f64 method=java.lang.Class.getComponentType()Ljava/lang/Class; @ 4 c2
Event: 4.514 Thread 0x000001b9865e8800 Uncommon trap: reason=unstable_if action=reinterpret pc=0x000001b9958c65b8 method=org.springframework.beans.factory.support.AbstractBeanFactory.isTypeMatch(Ljava/lang/String;Lorg/springframework/core/ResolvableType;Z)Z @ 72 c2
Event: 4.555 Thread 0x000001b9865e8800 Uncommon trap: reason=profile_predicate action=maybe_recompile pc=0x000001b9958eec48 method=java.lang.PublicMethods$MethodList.filter([Ljava/lang/reflect/Method;Ljava/lang/String;[Ljava/lang/Class;Z)Ljava/lang/PublicMethods$MethodList; @ 21 c2
Event: 4.567 Thread 0x000001b9865e8800 Uncommon trap: reason=profile_predicate action=maybe_recompile pc=0x000001b9958eec48 method=java.lang.PublicMethods$MethodList.filter([Ljava/lang/reflect/Method;Ljava/lang/String;[Ljava/lang/Class;Z)Ljava/lang/PublicMethods$MethodList; @ 21 c2
Event: 4.606 Thread 0x000001b9865e8800 Uncommon trap: reason=profile_predicate action=maybe_recompile pc=0x000001b9958eec48 method=java.lang.PublicMethods$MethodList.filter([Ljava/lang/reflect/Method;Ljava/lang/String;[Ljava/lang/Class;Z)Ljava/lang/PublicMethods$MethodList; @ 21 c2
Event: 4.606 Thread 0x000001b9865e8800 Uncommon trap: reason=profile_predicate action=maybe_recompile pc=0x000001b9958eec48 method=java.lang.PublicMethods$MethodList.filter([Ljava/lang/reflect/Method;Ljava/lang/String;[Ljava/lang/Class;Z)Ljava/lang/PublicMethods$MethodList; @ 21 c2

Classes redefined (0 events):
No events

Internal exceptions (10 events):
Event: 4.753 Thread 0x000001b9865e8800 Exception <a 'java/lang/ClassNotFoundException'{0x00000004e1d10648}: org/springframework/web/servlet/i18n/AcceptHeaderLocaleResolverCustomizer> (0x00000004e1d10648) thrown at [./open/src/hotspot/share/classfile/systemDictionary.cpp, line 226]
Event: 4.754 Thread 0x000001b9865e8800 Exception <a 'java/lang/ClassNotFoundException'{0x00000004e1d27d08}: org/springframework/web/servlet/LocaleResolverCustomizer> (0x00000004e1d27d08) thrown at [./open/src/hotspot/share/classfile/systemDictionary.cpp, line 226]
Event: 4.769 Thread 0x000001b9865e8800 Exception <a 'java/lang/ClassNotFoundException'{0x00000004e1d3d618}: java/lang/ObjectCustomizer> (0x00000004e1d3d618) thrown at [./open/src/hotspot/share/classfile/systemDictionary.cpp, line 226]
Event: 4.770 Thread 0x000001b9865e8800 Exception <a 'java/lang/ClassNotFoundException'{0x00000004e1d523e0}: org/springframework/web/servlet/theme/AbstractThemeResolverCustomizer> (0x00000004e1d523e0) thrown at [./open/src/hotspot/share/classfile/systemDictionary.cpp, line 226]
Event: 4.771 Thread 0x000001b9865e8800 Exception <a 'java/lang/ClassNotFoundException'{0x00000004e1d661e0}: org/springframework/web/servlet/theme/FixedThemeResolverCustomizer> (0x00000004e1d661e0) thrown at [./open/src/hotspot/share/classfile/systemDictionary.cpp, line 226]
Event: 4.772 Thread 0x000001b9865e8800 Exception <a 'java/lang/ClassNotFoundException'{0x00000004e1d79420}: org/springframework/web/servlet/ThemeResolverCustomizer> (0x00000004e1d79420) thrown at [./open/src/hotspot/share/classfile/systemDictionary.cpp, line 226]
Event: 4.779 Thread 0x000001b9865e8800 Exception <a 'java/lang/ClassNotFoundException'{0x00000004e1da3318}: java/lang/ObjectCustomizer> (0x00000004e1da3318) thrown at [./open/src/hotspot/share/classfile/systemDictionary.cpp, line 226]
Event: 4.779 Thread 0x000001b9865e8800 Exception <a 'java/lang/ClassNotFoundException'{0x00000004e1db8660}: org/springframework/web/servlet/support/AbstractFlashMapManagerCustomizer> (0x00000004e1db8660) thrown at [./open/src/hotspot/share/classfile/systemDictionary.cpp, line 226]
Event: 4.781 Thread 0x000001b9865e8800 Exception <a 'java/lang/ClassNotFoundException'{0x00000004e1dcf420}: org/springframework/web/servlet/support/SessionFlashMapManagerCustomizer> (0x00000004e1dcf420) thrown at [./open/src/hotspot/share/classfile/systemDictionary.cpp, line 226]
Event: 4.781 Thread 0x000001b9865e8800 Exception <a 'java/lang/ClassNotFoundException'{0x00000004e1de1e40}: org/springframework/web/servlet/FlashMapManagerCustomizer> (0x00000004e1de1e40) thrown at [./open/src/hotspot/share/classfile/systemDictionary.cpp, line 226]

Events (10 events):
Event: 4.790 loading class org/springframework/web/servlet/handler/AbstractHandlerMethodMapping$EmptyHandler done
Event: 4.791 loading class org/springframework/web/bind/annotation/ResponseStatus
Event: 4.791 loading class org/springframework/web/bind/annotation/ResponseStatus done
Event: 4.792 loading class org/springframework/web/cors/CorsConfiguration$OriginPattern
Event: 4.792 loading class org/springframework/web/cors/CorsConfiguration$OriginPattern done
Event: 4.792 loading class org/springframework/web/servlet/mvc/method/RequestMappingInfoHandlerMapping$HttpOptionsHandler
Event: 4.793 loading class org/springframework/web/servlet/mvc/method/RequestMappingInfoHandlerMapping$HttpOptionsHandler done
Event: 4.793 loading class org/springframework/web/servlet/handler/AbstractHandlerMethodMapping$MappingRegistry
Event: 4.793 loading class org/springframework/web/servlet/handler/AbstractHandlerMethodMapping$MappingRegistry done
Event: 4.794 Executing VM operation: CollectForMetadataAllocation


Dynamic libraries:
0x00007ff649e10000 - 0x00007ff649e1f000 	C:\Program Files\Java\jdk-11.0.16\bin\java.exe
0x00007ffccd110000 - 0x00007ffccd308000 	C:\Windows\SYSTEM32\ntdll.dll
0x00007ffccb7f0000 - 0x00007ffccb8af000 	C:\Windows\System32\KERNEL32.DLL
0x00007ffcca920000 - 0x00007ffccabf2000 	C:\Windows\System32\KERNELBASE.dll
0x00007ffccaea0000 - 0x00007ffccafa0000 	C:\Windows\System32\ucrtbase.dll
0x00007ffcc1870000 - 0x00007ffcc1888000 	C:\Program Files\Java\jdk-11.0.16\bin\jli.dll
0x00007ffcaeea0000 - 0x00007ffcaeeb5000 	C:\Program Files\Java\jdk-11.0.16\bin\VCRUNTIME140.dll
0x00007ffccb360000 - 0x00007ffccb40e000 	C:\Windows\System32\ADVAPI32.dll
0x00007ffcccd70000 - 0x00007ffccce0e000 	C:\Windows\System32\msvcrt.dll
0x00007ffccceb0000 - 0x00007ffcccf4c000 	C:\Windows\System32\sechost.dll
0x00007ffccb150000 - 0x00007ffccb275000 	C:\Windows\System32\RPCRT4.dll
0x00007ffccc920000 - 0x00007ffcccac1000 	C:\Windows\System32\USER32.dll
0x00007ffcca800000 - 0x00007ffcca822000 	C:\Windows\System32\win32u.dll
0x00007ffcaa090000 - 0x00007ffcaa32a000 	C:\Windows\WinSxS\amd64_microsoft.windows.common-controls_6595b64144ccf1df_6.0.19041.1110_none_60b5254171f9507e\COMCTL32.dll
0x00007ffccce10000 - 0x00007ffccce3b000 	C:\Windows\System32\GDI32.dll
0x00007ffccb040000 - 0x00007ffccb14f000 	C:\Windows\System32\gdi32full.dll
0x00007ffccafa0000 - 0x00007ffccb03d000 	C:\Windows\System32\msvcp_win.dll
0x00007ffcc2c40000 - 0x00007ffcc2c4a000 	C:\Windows\SYSTEM32\VERSION.dll
0x00007ffcccf50000 - 0x00007ffcccf82000 	C:\Windows\System32\IMM32.DLL
0x00007ffc9cb30000 - 0x00007ffc9cbcb000 	C:\Program Files\Java\jdk-11.0.16\bin\msvcp140.dll
0x00007ffc6f130000 - 0x00007ffc6fc48000 	C:\Program Files\Java\jdk-11.0.16\bin\server\jvm.dll
0x00007ffcccd60000 - 0x00007ffcccd68000 	C:\Windows\System32\PSAPI.DLL
0x00007ffcad410000 - 0x00007ffcad437000 	C:\Windows\SYSTEM32\WINMM.dll
0x00007ffcc5490000 - 0x00007ffcc5499000 	C:\Windows\SYSTEM32\WSOCK32.dll
0x00007ffccc8b0000 - 0x00007ffccc91b000 	C:\Windows\System32\WS2_32.dll
0x00007ffcc86a0000 - 0x00007ffcc86b2000 	C:\Windows\SYSTEM32\kernel.appcore.dll
0x00007ffcc4fe0000 - 0x00007ffcc4ff0000 	C:\Program Files\Java\jdk-11.0.16\bin\verify.dll
0x00007ffcc4ab0000 - 0x00007ffcc4c94000 	C:\Windows\SYSTEM32\DBGHELP.DLL
0x00007ffcc5370000 - 0x00007ffcc53a5000 	C:\Windows\SYSTEM32\dbgcore.DLL
0x00007ffccad60000 - 0x00007ffccade2000 	C:\Windows\System32\bcryptPrimitives.dll
0x00007ffc9e660000 - 0x00007ffc9e688000 	C:\Program Files\Java\jdk-11.0.16\bin\java.dll
0x00007ffcc4fb0000 - 0x00007ffcc4fba000 	C:\Program Files\Java\jdk-11.0.16\bin\jimage.dll
0x00007ffc9e640000 - 0x00007ffc9e656000 	C:\Program Files\Java\jdk-11.0.16\bin\zip.dll
0x00007ffccb990000 - 0x00007ffccc0d4000 	C:\Windows\System32\SHELL32.dll
0x00007ffcc88a0000 - 0x00007ffcc9032000 	C:\Windows\SYSTEM32\windows.storage.dll
0x00007ffccc550000 - 0x00007ffccc8a5000 	C:\Windows\System32\combase.dll
0x00007ffcca0a0000 - 0x00007ffcca0d0000 	C:\Windows\SYSTEM32\Wldp.dll
0x00007ffccd020000 - 0x00007ffccd0cd000 	C:\Windows\System32\SHCORE.dll
0x00007ffccce50000 - 0x00007ffcccea5000 	C:\Windows\System32\shlwapi.dll
0x00007ffcca740000 - 0x00007ffcca75f000 	C:\Windows\SYSTEM32\profapi.dll
0x00007ffc9cb10000 - 0x00007ffc9cb29000 	C:\Program Files\Java\jdk-11.0.16\bin\net.dll
0x00007ffcc3600000 - 0x00007ffcc370c000 	C:\Windows\SYSTEM32\WINHTTP.dll
0x00007ffcc9e80000 - 0x00007ffcc9eea000 	C:\Windows\system32\mswsock.dll
0x00007ffc9caf0000 - 0x00007ffc9cb02000 	C:\Program Files\Java\jdk-11.0.16\bin\nio.dll
0x00007ffcafcb0000 - 0x00007ffcafcb9000 	C:\Program Files\Java\jdk-11.0.16\bin\management.dll
0x00007ffcaa000000 - 0x00007ffcaa00b000 	C:\Program Files\Java\jdk-11.0.16\bin\management_ext.dll
0x00007ffcb34b0000 - 0x00007ffcb34c7000 	C:\Windows\system32\napinsp.dll
0x00007ffcb3490000 - 0x00007ffcb34ab000 	C:\Windows\system32\pnrpnsp.dll
0x00007ffcb3470000 - 0x00007ffcb3485000 	C:\Windows\system32\wshbth.dll
0x00007ffcc5800000 - 0x00007ffcc581d000 	C:\Windows\system32\NLAapi.dll
0x00007ffcc9b90000 - 0x00007ffcc9bcb000 	C:\Windows\SYSTEM32\IPHLPAPI.DLL
0x00007ffcc9bd0000 - 0x00007ffcc9c9a000 	C:\Windows\SYSTEM32\DNSAPI.dll
0x00007ffcccb80000 - 0x00007ffcccb88000 	C:\Windows\System32\NSI.dll
0x00007ffcb3450000 - 0x00007ffcb3462000 	C:\Windows\System32\winrnr.dll
0x00007ffcc2930000 - 0x00007ffcc293a000 	C:\Windows\System32\rasadhlp.dll
0x00007ffcc3290000 - 0x00007ffcc3310000 	C:\Windows\System32\fwpuclnt.dll
0x00007ffcca8f0000 - 0x00007ffcca917000 	C:\Windows\System32\bcrypt.dll

dbghelp: loaded successfully - version: 4.0.5 - missing functions: none
symbol engine: initialized successfully - sym options: 0x614 - pdb path: .;C:\Program Files\Java\jdk-11.0.16\bin;C:\Windows\SYSTEM32;C:\Windows\WinSxS\amd64_microsoft.windows.common-controls_6595b64144ccf1df_6.0.19041.1110_none_60b5254171f9507e;C:\Program Files\Java\jdk-11.0.16\bin\server

VM Arguments:
java_command: C:\Users\sfjbs\AppData\Local\Temp\surefire11596751716539590366\surefirebooter9521187968658545937.jar C:\Users\sfjbs\AppData\Local\Temp\surefire11596751716539590366 2023-01-26T19-01-45_134-jvmRun1 surefire1770500692700308122tmp surefire_014802097536279621109tmp
java_class_path (initial): C:\Users\sfjbs\AppData\Local\Temp\surefire11596751716539590366\surefirebooter9521187968658545937.jar
Launcher Type: SUN_STANDARD

[Global flags]
     intx CICompilerCount                          = 3                                         {product} {ergonomic}
     uint ConcGCThreads                            = 1                                         {product} {ergonomic}
     uint G1ConcRefinementThreads                  = 4                                         {product} {ergonomic}
   size_t G1HeapRegionSize                         = 1048576                                   {product} {ergonomic}
    uintx GCDrainStackTargetSize                   = 64                                        {product} {ergonomic}
   size_t InitialHeapSize                          = 268435456                                 {product} {ergonomic}
   size_t MarkStackSize                            = 4194304                                   {product} {ergonomic}
   size_t MaxHeapSize                              = 4294967296                                {product} {ergonomic}
   size_t MaxNewSize                               = 2576351232                                {product} {ergonomic}
   size_t MinHeapDeltaBytes                        = 1048576                                   {product} {ergonomic}
    uintx NonNMethodCodeHeapSize                   = 5830732                                {pd product} {ergonomic}
    uintx NonProfiledCodeHeapSize                  = 122913754                              {pd product} {ergonomic}
    uintx ProfiledCodeHeapSize                     = 122913754                              {pd product} {ergonomic}
    uintx ReservedCodeCacheSize                    = 251658240                              {pd product} {ergonomic}
     bool SegmentedCodeCache                       = true                                      {product} {ergonomic}
     bool UseCompressedClassPointers               = true                                 {lp64_product} {ergonomic}
     bool UseCompressedOops                        = true                                 {lp64_product} {ergonomic}
     bool UseG1GC                                  = true                                      {product} {ergonomic}
     bool UseLargePagesIndividualAllocation        = false                                  {pd product} {ergonomic}

Logging:
Log output configuration:
 #0: stdout all=warning uptime,level,tags
 #1: stderr all=off uptime,level,tags

Environment Variables:
PATH=C:\Program Files\Common Files\Oracle\Java\javapath;C:\Windows\system32;C:\Windows;C:\Windows\System32\Wbem;C:\Windows\System32\WindowsPowerShell\v1.0\;C:\Windows\System32\OpenSSH\;C:\Users\sfjbs\Downloads\apache-maven-3.8.5-bin\apache-maven-3.8.5\bin;C:\Users\sfjbs\Downloads\apache-maven-3.8.5-bin\apache-maven-3.8.5\lib;C:\Program Files\Git\cmd;C:\Program Files\Docker\Docker\resources\bin;C:\Program Files\MySQL\MySQL Shell 8.0\bin\;C:\Users\sfjbs\AppData\Local\Microsoft\WindowsApps;C:\Users\sfjbs\AppData\Local\Programs\Microsoft VS Code\bin;C:\Users\sfjbs\Downloads\apache-maven-3.8.5-bin\apache-maven-3.8.5\bin;C:\Users\sfjbs\Downloads\apache-maven-3.8.5-bin\apache-maven-3.8.5\lib;
USERNAME=sfjbs
OS=Windows_NT
PROCESSOR_IDENTIFIER=Intel64 Family 6 Model 85 Stepping 7, GenuineIntel



---------------  S Y S T E M  ---------------

OS: Windows 10 , 64 bit Build 19041 (10.0.19041.2364)
Hyper-V role detected

CPU:total 4 (initial active 4) (2 cores per cpu, 2 threads per core) family 6 model 85 stepping 7 microcode 0xffffffff, cmov, cx8, fxsr, mmx, sse, sse2, sse3, ssse3, sse4.1, sse4.2, popcnt, avx, avx2, aes, clmul, erms, rtm, 3dnowpref, lzcnt, ht, tsc, bmi1, bmi2, adx, evex, fma

Memory: 4k page, system-wide physical 16382M (4343M free)
TotalPageFile size 20478M (AvailPageFile size 22M)
current process WorkingSet (physical memory assigned to process): 217M, peak: 223M
current process commit charge ("private bytes"): 421M, peak: 473M

vm_info: Java HotSpot(TM) 64-Bit Server VM (11.0.16+11-LTS-199) for windows-amd64 JRE (11.0.16+11-LTS-199), built on Jun 28 2022 08:23:17 by "mach5one" with MS VC++ 15.9 (VS2017)

END.
